<?xml version="1.0" encoding="UTF-8"?>
<!-- Generated by org.testng.reporters.JUnitReportReporter -->
<testsuite hostname="JD-PC" failures="0" tests="1" name="com.auto.LoginTest" time="3.648" errors="0" timestamp="2022-03-21T14:53:39 EDT" skipped="0">
  <testcase classname="com.auto.LoginTest" name="shouldAnswerWithTrue" time="3.648"/>
  <system-out/>
</testsuite> <!-- com.auto.LoginTest -->
